make all --print-data-base --no-builtin-variables --no-builtin-rules --question
# GNU Make 3.81
# Copyright (C) 2006  Free Software Foundation, Inc.
# This is free software; see the source for copying conditions.
# There is NO warranty; not even for MERCHANTABILITY or FITNESS FOR A
# PARTICULAR PURPOSE.

# This program built for i386-apple-darwin11.3.0
 
make: *** No rule to make target `all'.  Stop.

<<<<<<< HEAD
# Make data base, printed on Sat Jul 30 15:19:16 2022
=======

# Make data base, printed on Thu Jul 28 13:51:40 2022
>>>>>>> 1f7aa037af4b8fc9f4c9b2734ca60f5aa37bdff4

# Variables

# automatic
<D = $(patsubst %/,%,$(dir $<))
# automatic
?F = $(notdir $?)
# automatic
 
?D = $(patsubst %/,%,$(dir $?))
# automatic
@D = $(patsubst %/,%,$(dir $@))
# automatic
@F = $(notdir $@)
# makefile
CURDIR := /Users/stgerard/42/42
# makefile
 
make: *** No rule to make target `all'.  Stop.

SHELL = /bin/sh
# environment
VSCODE_NLS_CONFIG = {"locale":"fr","availableLanguages":{},"_languagePackSupport":true}
# environment
_ = /usr/bin/make
# makefile
MAKEFILE_LIST := 
# environment
<<<<<<< HEAD
VSCODE_VERBOSE_LOGGING = true
# environment
VSCODE_IPC_HOOK_EXTHOST = /var/folders/zz/zyxvpxvq6csfxvn_n000c_rc0032p3/T/vscode-ipc-bf87028b-7fc0-44d8-b156-7f50f0c4ca0a.sock
# environment
VSCODE_CWD = /
# environment
PATH = /Users/stgerard/.brew/bin:/usr/local/bin:/usr/bin:/bin:/usr/sbin:/sbin:/usr/local/munki:/Library/Apple/usr/bin
# environment
VSCODE_LOG_STACK = false
=======
__CFBundleIdentifier = com.microsoft.VSCode
# environment
VSCODE_CWD = /
# environment
PATH = /usr/local/bin:/usr/bin:/bin:/usr/sbin:/sbin:/Users/stgerard/Library/Python/3.8/bin
>>>>>>> 1f7aa037af4b8fc9f4c9b2734ca60f5aa37bdff4
# environment
ELECTRON_RUN_AS_NODE = 1
# default
.FEATURES := target-specific order-only second-expansion else-if archives jobserver check-symlink
# environment
<<<<<<< HEAD
SSH_AUTH_SOCK = /private/tmp/com.apple.launchd.xjxsjis5rZ/Listeners
=======
SSH_AUTH_SOCK = /private/tmp/com.apple.launchd.Y86eiL01yw/Listeners
>>>>>>> 1f7aa037af4b8fc9f4c9b2734ca60f5aa37bdff4
# automatic
%F = $(notdir $%)
# environment
PWD = /Users/stgerard/42/42
# environment
ORIGINAL_XDG_CURRENT_DESKTOP = undefined
# environment
VSCODE_AMD_ENTRYPOINT = vs/workbench/api/node/extensionHostProcess
# environment
HOME = /Users/stgerard
# default
MAKEFILEPATH = $(shell /usr/bin/xcode-select -print-path 2>/dev/null || echo /Developer)/Makefiles
# environment
VSCODE_CODE_CACHE_PATH = /Users/stgerard/Library/Application Support/Code/CachedData/b06ae3b2d2dbfe28bca3134cc6be65935cdfea6a
# environment
LOGNAME = stgerard
# environment
APPLICATION_INSIGHTS_NO_DIAGNOSTIC_CHANNEL = true
# environment
VSCODE_HANDLES_UNCAUGHT_ERRORS = true
# automatic
^D = $(patsubst %/,%,$(dir $^))
# environment
XPC_FLAGS = 0x0
# default
MAKE = $(MAKE_COMMAND)
# default
MAKECMDGOALS := all
# environment
SHLVL = 1
# default
MAKE_VERSION := 3.81
# environment
USER = stgerard
# makefile
.DEFAULT_GOAL := 
# automatic
%D = $(patsubst %/,%,$(dir $%))
# default
MAKE_COMMAND := /Library/Developer/CommandLineTools/usr/bin/make
# default
.VARIABLES := 
# environment
TMPDIR = /var/folders/60/6zvhrhmn65z7l690cg4msr9w0000gn/T/
# automatic
*F = $(notdir $*)
# environment
VSCODE_IPC_HOOK = /Users/stgerard/Library/Application Support/Code/1.69.1-main.sock
# environment
MallocNanoZone = 0
# makefile
MAKEFLAGS = Rrqp
# environment
MFLAGS = -Rrqp
# automatic
*D = $(patsubst %/,%,$(dir $*))
# environment
<<<<<<< HEAD
XPC_SERVICE_NAME = com.microsoft.VSCode.1240
=======
XPC_SERVICE_NAME = application.com.microsoft.VSCode.1510047.1510053
>>>>>>> 1f7aa037af4b8fc9f4c9b2734ca60f5aa37bdff4
# automatic
+D = $(patsubst %/,%,$(dir $+))
# automatic
+F = $(notdir $+)
# environment
<<<<<<< HEAD
__CF_USER_TEXT_ENCODING = 0x18AC3:0x0:0x0
=======
__CF_USER_TEXT_ENCODING = 0x1F5:0x0:0x1
# environment
COMMAND_MODE = unix2003
>>>>>>> 1f7aa037af4b8fc9f4c9b2734ca60f5aa37bdff4
# default
MAKEFILES := 
# automatic
<F = $(notdir $<)
# environment
LC_ALL = C
# automatic
^F = $(notdir $^)
# default
SUFFIXES := 
# environment
MAKELEVEL := 0
# environment
LANG = C
# environment
<<<<<<< HEAD
VSCODE_PID = 48166
# variable set hash-table stats:
# Load=60/1024=6%, Rehash=0, Collisions=1/81=1%
=======
VSCODE_PID = 28016
# variable set hash-table stats:
# Load=57/1024=6%, Rehash=0, Collisions=1/77=1%
>>>>>>> 1f7aa037af4b8fc9f4c9b2734ca60f5aa37bdff4

# Pattern-specific Variable Values

# No pattern-specific variable values.

# Directories

<<<<<<< HEAD
# . (device 16777228, inode 1066077): 15 files, no impossibilities.
=======
# . (device 16777220, inode 612870): 14 files, no impossibilities.
>>>>>>> 1f7aa037af4b8fc9f4c9b2734ca60f5aa37bdff4

 
# 14 files, no impossibilities in 1 directories.

# Implicit Rules

# No implicit rules.

# Files

# Not a target:
all:
#  Command-line target.
#  Implicit rule search has been done.
#  File does not exist.
#  File has not been updated.
# variable set hash-table stats:
# Load=0/32=0%, Rehash=0, Collisions=0/0=0%

# Not a target:
.SUFFIXES:
#  Implicit rule search has not been done.
#  Modification time never checked.
#  File has not been updated.

# Not a target:
Makefile:
#  A default, MAKEFILES, or -include/sinclude makefile.
#  Implicit rule search has been done.
#  File does not exist.
#  File has been updated.
#  Failed to be updated.
# variable set hash-table stats:
# Load=0/32=0%, Rehash=0, Collisions=0/0=0%

# Not a target:
makefile:
#  A default, MAKEFILES, or -include/sinclude makefile.
#  Implicit rule search has been done.
#  File does not exist.
#  File has been updated.
#  Failed to be updated.
# variable set hash-table stats:
# Load=0/32=0%, Rehash=0, Collisions=0/0=0%

# Not a target:
.DEFAULT:
#  Implicit rule search has not been done.
#  Modification time never checked.
#  File has not been updated.

# Not a target:
GNUmakefile:
#  A default, MAKEFILES, or -include/sinclude makefile.
#  Implicit rule search has been done.
#  File does not exist.
#  File has been updated.
#  Failed to be updated.
# variable set hash-table stats:
# Load=0/32=0%, Rehash=0, Collisions=0/0=0%

# files hash-table stats:
# Load=6/1024=1%, Rehash=0, Collisions=0/17=0%
# VPATH Search Paths

# No `vpath' search paths.

# No general (`VPATH' variable) search path.

# # of strings in strcache: 0
# # of strcache buffers: 0
# strcache size: total = 0 / max = 0 / min = 4096 / avg = 0
# strcache free: total = 0 / max = 0 / min = 4096 / avg = 0

<<<<<<< HEAD
# Finished Make data base on Sat Jul 30 15:19:16 2022
=======
# Finished Make data base on Thu Jul 28 13:51:40 2022
>>>>>>> 1f7aa037af4b8fc9f4c9b2734ca60f5aa37bdff4

 
